<?xml version="1.0" encoding="UTF-8"?>
<testsuite name="br.com.digital.cp2.Cp2ApplicationTests" tests="1" skipped="0" failures="0" errors="0" timestamp="2023-11-07T01:58:56" hostname="DESKTOP-AIBDUK5" time="0.964">
  <properties/>
  <testcase name="contextLoads()" classname="br.com.digital.cp2.Cp2ApplicationTests" time="0.964"/>
  <system-out><![CDATA[22:58:50.510 [Test worker] INFO org.springframework.test.context.support.AnnotationConfigContextLoaderUtils -- Could not detect default configuration classes for test class [br.com.digital.cp2.Cp2ApplicationTests]: Cp2ApplicationTests does not declare any static, non-private, non-final, nested classes annotated with @Configuration.
22:58:50.622 [Test worker] INFO org.springframework.boot.test.context.SpringBootTestContextBootstrapper -- Found @SpringBootConfiguration br.com.digital.cp2.Cp2Application for test class br.com.digital.cp2.Cp2ApplicationTests

  .   ____          _            __ _ _
 /\\ / ___'_ __ _ _(_)_ __  __ _ \ \ \ \
( ( )\___ | '_ | '_| | '_ \/ _` | \ \ \ \
 \\/  ___)| |_)| | | | | || (_| |  ) ) ) )
  '  |____| .__|_| |_|_| |_\__, | / / / /
 =========|_|==============|___/=/_/_/_/
 :: Spring Boot ::                (v3.1.5)

2023-11-06T22:58:51.078-03:00  INFO 15912 --- [    Test worker] br.com.digital.cp2.Cp2ApplicationTests   : Starting Cp2ApplicationTests using Java 18.0.2.1 with PID 15912 (started by Carlos in C:\Users\Carlos\Desktop\cp2_DigBusEn-main_ss\cp2_DigBusEn-main)
2023-11-06T22:58:51.080-03:00  INFO 15912 --- [    Test worker] br.com.digital.cp2.Cp2ApplicationTests   : No active profile set, falling back to 1 default profile: "default"
2023-11-06T22:58:51.973-03:00  INFO 15912 --- [    Test worker] .s.d.r.c.RepositoryConfigurationDelegate : Multiple Spring Data modules found, entering strict repository configuration mode
2023-11-06T22:58:51.975-03:00  INFO 15912 --- [    Test worker] .s.d.r.c.RepositoryConfigurationDelegate : Bootstrapping Spring Data JDBC repositories in DEFAULT mode.
2023-11-06T22:58:52.015-03:00  INFO 15912 --- [    Test worker] .RepositoryConfigurationExtensionSupport : Spring Data JDBC - Could not safely identify store assignment for repository candidate interface br.com.digital.cp2.repository.DepRepo; If you want this repository to be a JDBC repository, consider annotating your entities with one of these annotations: org.springframework.data.relational.core.mapping.Table.
2023-11-06T22:58:52.017-03:00  INFO 15912 --- [    Test worker] .RepositoryConfigurationExtensionSupport : Spring Data JDBC - Could not safely identify store assignment for repository candidate interface br.com.digital.cp2.repository.EmpRepo; If you want this repository to be a JDBC repository, consider annotating your entities with one of these annotations: org.springframework.data.relational.core.mapping.Table.
2023-11-06T22:58:52.018-03:00  INFO 15912 --- [    Test worker] .s.d.r.c.RepositoryConfigurationDelegate : Finished Spring Data repository scanning in 35 ms. Found 0 JDBC repository interfaces.
2023-11-06T22:58:52.030-03:00  INFO 15912 --- [    Test worker] .s.d.r.c.RepositoryConfigurationDelegate : Multiple Spring Data modules found, entering strict repository configuration mode
2023-11-06T22:58:52.032-03:00  INFO 15912 --- [    Test worker] .s.d.r.c.RepositoryConfigurationDelegate : Bootstrapping Spring Data JPA repositories in DEFAULT mode.
2023-11-06T22:58:52.063-03:00  INFO 15912 --- [    Test worker] .s.d.r.c.RepositoryConfigurationDelegate : Finished Spring Data repository scanning in 26 ms. Found 2 JPA repository interfaces.
2023-11-06T22:58:52.594-03:00  INFO 15912 --- [    Test worker] com.zaxxer.hikari.HikariDataSource       : HikariPool-1 - Starting...
2023-11-06T22:58:52.977-03:00  INFO 15912 --- [    Test worker] com.zaxxer.hikari.pool.HikariPool        : HikariPool-1 - Added connection oracle.jdbc.driver.T4CConnection@2ca3d826
2023-11-06T22:58:52.979-03:00  INFO 15912 --- [    Test worker] com.zaxxer.hikari.HikariDataSource       : HikariPool-1 - Start completed.
2023-11-06T22:58:53.036-03:00  INFO 15912 --- [    Test worker] o.hibernate.jpa.internal.util.LogHelper  : HHH000204: Processing PersistenceUnitInfo [name: default]
2023-11-06T22:58:53.120-03:00  INFO 15912 --- [    Test worker] org.hibernate.Version                    : HHH000412: Hibernate ORM core version 6.2.13.Final
2023-11-06T22:58:53.124-03:00  INFO 15912 --- [    Test worker] org.hibernate.cfg.Environment            : HHH000406: Using bytecode reflection optimizer
2023-11-06T22:58:53.464-03:00  INFO 15912 --- [    Test worker] o.s.o.j.p.SpringPersistenceUnitInfo      : No LoadTimeWeaver setup: ignoring JPA class transformer
2023-11-06T22:58:54.718-03:00  INFO 15912 --- [    Test worker] o.h.e.t.j.p.i.JtaPlatformInitiator       : HHH000489: No JTA platform available (set 'hibernate.transaction.jta.platform' to enable JTA platform integration)
2023-11-06T22:58:54.721-03:00  INFO 15912 --- [    Test worker] j.LocalContainerEntityManagerFactoryBean : Initialized JPA EntityManagerFactory for persistence unit 'default'
2023-11-06T22:58:55.402-03:00  WARN 15912 --- [    Test worker] JpaBaseConfiguration$JpaWebConfiguration : spring.jpa.open-in-view is enabled by default. Therefore, database queries may be performed during view rendering. Explicitly configure spring.jpa.open-in-view to disable this warning
2023-11-06T22:58:56.704-03:00  INFO 15912 --- [    Test worker] br.com.digital.cp2.Cp2ApplicationTests   : Started Cp2ApplicationTests in 5.916 seconds (process running for 7.29)
]]></system-out>
  <system-err><![CDATA[]]></system-err>
</testsuite>
